# JRE version: OpenJDK Runtime Environment (11.0.11+9) (build 11.0.11+9-b60-7590822)
# Java VM: OpenJDK 64-Bit Server VM (11.0.11+9-b60-7590822, mixed mode, tiered, compressed oops, g1 gc, windows-amd64)
Heap:
 garbage-first heap   total 155648K, used 44500K [0x0000000080000000, 0x0000000100000000)
  region size 1024K, 23 young (23552K), 7 survivors (7168K)
 Metaspace       used 44674K, capacity 45769K, committed 45824K, reserved 1089536K
  class space    used 5724K, capacity 6131K, committed 6144K, reserved 1048576K
GC Heap History (18 events):
Event: 1.156 GC heap before
{Heap before GC invocations=0 (full 0):
 garbage-first heap   total 129024K, used 19456K [0x0000000080000000, 0x0000000100000000)
  region size 1024K, 14 young (14336K), 0 survivors (0K)
 Metaspace       used 6738K, capacity 6925K, committed 7168K, reserved 1056768K
  class space    used 582K, capacity 650K, committed 768K, reserved 1048576K
}
Event: 1.162 GC heap after
{Heap after GC invocations=1 (full 0):
 garbage-first heap   total 129024K, used 7705K [0x0000000080000000, 0x0000000100000000)
  region size 1024K, 2 young (2048K), 2 survivors (2048K)
 Metaspace       used 6738K, capacity 6925K, committed 7168K, reserved 1056768K
  class space    used 582K, capacity 650K, committed 768K, reserved 1048576K
}
Event: 1.646 GC heap before
{Heap before GC invocations=1 (full 0):
 garbage-first heap   total 129024K, used 15897K [0x0000000080000000, 0x0000000100000000)
  region size 1024K, 10 young (10240K), 2 survivors (2048K)
 Metaspace       used 9933K, capacity 10228K, committed 10368K, reserved 1058816K
  class space    used 1016K, capacity 1073K, committed 1152K, reserved 1048576K
}
Event: 1.650 GC heap after
{Heap after GC invocations=2 (full 0):
 garbage-first heap   total 129024K, used 9237K [0x0000000080000000, 0x0000000100000000)
  region size 1024K, 2 young (2048K), 2 survivors (2048K)
 Metaspace       used 9933K, capacity 10228K, committed 10368K, reserved 1058816K
  class space    used 1016K, capacity 1073K, committed 1152K, reserved 1048576K
}
Event: 2.416 GC heap before
{Heap before GC invocations=2 (full 0):
 garbage-first heap   total 129024K, used 32789K [0x0000000080000000, 0x0000000100000000)
  region size 1024K, 26 young (26624K), 2 survivors (2048K)
 Metaspace       used 11207K, capacity 11444K, committed 11520K, reserved 1058816K
  class space    used 1172K, capacity 1244K, committed 1280K, reserved 1048576K
}
Event: 2.420 GC heap after
{Heap after GC invocations=3 (full 0):
 garbage-first heap   total 129024K, used 10223K [0x0000000080000000, 0x0000000100000000)
  region size 1024K, 3 young (3072K), 3 survivors (3072K)
 Metaspace       used 11207K, capacity 11444K, committed 11520K, reserved 1058816K
  class space    used 1172K, capacity 1244K, committed 1280K, reserved 1048576K
}
Event: 4.296 GC heap before
{Heap before GC invocations=3 (full 0):
 garbage-first heap   total 129024K, used 52207K [0x0000000080000000, 0x0000000100000000)
  region size 1024K, 44 young (45056K), 3 survivors (3072K)
 Metaspace       used 16780K, capacity 17230K, committed 17536K, reserved 1064960K
  class space    used 1935K, capacity 2068K, committed 2176K, reserved 1048576K
}
Event: 4.306 GC heap after
{Heap after GC invocations=4 (full 0):
 garbage-first heap   total 129024K, used 15561K [0x0000000080000000, 0x0000000100000000)
  region size 1024K, 6 young (6144K), 6 survivors (6144K)
 Metaspace       used 16780K, capacity 17230K, committed 17536K, reserved 1064960K
  class space    used 1935K, capacity 2068K, committed 2176K, reserved 1048576K
}
Event: 4.879 GC heap before
{Heap before GC invocations=4 (full 0):
 garbage-first heap   total 129024K, used 48329K [0x0000000080000000, 0x0000000100000000)
  region size 1024K, 39 young (39936K), 6 survivors (6144K)
 Metaspace       used 20672K, capacity 21104K, committed 21296K, reserved 1069056K
  class space    used 2532K, capacity 2660K, committed 2688K, reserved 1048576K
}
Event: 4.891 GC heap after
{Heap after GC invocations=5 (full 0):
 garbage-first heap   total 129024K, used 17094K [0x0000000080000000, 0x0000000100000000)
  region size 1024K, 2 young (2048K), 2 survivors (2048K)
 Metaspace       used 20672K, capacity 21104K, committed 21296K, reserved 1069056K
  class space    used 2532K, capacity 2660K, committed 2688K, reserved 1048576K
}
Event: 6.201 GC heap before
{Heap before GC invocations=6 (full 0):
 garbage-first heap   total 129024K, used 67270K [0x0000000080000000, 0x0000000100000000)
  region size 1024K, 51 young (52224K), 2 survivors (2048K)
 Metaspace       used 25918K, capacity 26572K, committed 26752K, reserved 1073152K
  class space    used 3385K, capacity 3617K, committed 3712K, reserved 1048576K
}
Event: 6.221 GC heap after
{Heap after GC invocations=7 (full 0):
 garbage-first heap   total 129024K, used 18734K [0x0000000080000000, 0x0000000100000000)
  region size 1024K, 4 young (4096K), 4 survivors (4096K)
 Metaspace       used 25918K, capacity 26572K, committed 26752K, reserved 1073152K
  class space    used 3385K, capacity 3617K, committed 3712K, reserved 1048576K
}
Event: 8.245 GC heap before
{Heap before GC invocations=8 (full 0):
 garbage-first heap   total 129024K, used 77102K [0x0000000080000000, 0x0000000100000000)
  region size 1024K, 61 young (62464K), 4 survivors (4096K)
 Metaspace       used 34381K, capacity 35178K, committed 35328K, reserved 1079296K
  class space    used 4464K, capacity 4767K, committed 4864K, reserved 1048576K
}
Event: 8.261 GC heap after
{Heap after GC invocations=9 (full 0):
 garbage-first heap   total 129024K, used 21982K [0x0000000080000000, 0x0000000100000000)
  region size 1024K, 7 young (7168K), 7 survivors (7168K)
 Metaspace       used 34381K, capacity 35178K, committed 35328K, reserved 1079296K
  class space    used 4464K, capacity 4767K, committed 4864K, reserved 1048576K
}
Event: 10.009 GC heap before
{Heap before GC invocations=9 (full 0):
 garbage-first heap   total 129024K, used 90590K [0x0000000080000000, 0x0000000100000000)
  region size 1024K, 72 young (73728K), 7 survivors (7168K)
 Metaspace       used 39738K, capacity 40742K, committed 41088K, reserved 1085440K
  class space    used 5066K, capacity 5403K, committed 5504K, reserved 1048576K
}
Event: 10.031 GC heap after
{Heap after GC invocations=10 (full 0):
 garbage-first heap   total 155648K, used 27811K [0x0000000080000000, 0x0000000100000000)
  region size 1024K, 9 young (9216K), 9 survivors (9216K)
 Metaspace       used 39738K, capacity 40742K, committed 41088K, reserved 1085440K
  class space    used 5066K, capacity 5403K, committed 5504K, reserved 1048576K
}
Event: 11.146 GC heap before
{Heap before GC invocations=10 (full 0):
 garbage-first heap   total 155648K, used 69795K [0x0000000080000000, 0x0000000100000000)
  region size 1024K, 51 young (52224K), 9 survivors (9216K)
 Metaspace       used 43787K, capacity 44811K, committed 44928K, reserved 1087488K
  class space    used 5576K, capacity 5941K, committed 6016K, reserved 1048576K
}
Event: 11.175 GC heap after
{Heap after GC invocations=11 (full 0):
 garbage-first heap   total 155648K, used 29140K [0x0000000080000000, 0x0000000100000000)
  region size 1024K, 7 young (7168K), 7 survivors (7168K)
 Metaspace       used 43787K, capacity 44811K, committed 44928K, reserved 1087488K
  class space    used 5576K, capacity 5941K, committed 6016K, reserved 1048576K
}

